Mar 14, 2010 11:07:08 PM org.apache.catalina.core.AprLifecycleListener lifecycleEvent
INFO: The Apache Tomcat Native library which allows optimal performance in production environments was not found on the java.library.path: C:\Program Files\Java\jdk1.6.0\bin;.;C:\WINDOWS\Sun\Java\bin;C:\WINDOWS\system32;C:\WINDOWS;C:\WINDOWS\system32;C:\WINDOWS;C:\WINDOWS\System32\Wbem;C:\Program Files\Microsoft SQL Server\90\Tools\binn\;C:\Program Files\RadView\WebLOAD\bin;C:\Program Files\RadView\WebLOAD\bin\jre\bin;C:\Program Files\TortoiseSVN\bin;C:\Program Files\Java\jdk1.6.0\bin;C:\Program Files\OpenVPN\bin
Mar 14, 2010 11:07:09 PM org.apache.coyote.http11.Http11BaseProtocol init
INFO: Initializing Coyote HTTP/1.1 on http-8080
Mar 14, 2010 11:07:09 PM org.apache.catalina.startup.Catalina load
INFO: Initialization processed in 2766 ms
Mar 14, 2010 11:07:09 PM org.apache.catalina.core.StandardService start
INFO: Starting service Catalina
Mar 14, 2010 11:07:09 PM org.apache.catalina.core.StandardEngine start
INFO: Starting Servlet Engine: Apache Tomcat/5.5.28
Mar 14, 2010 11:07:09 PM org.apache.catalina.core.StandardHost start
INFO: XML validation disabled
Mar 14, 2010 11:07:11 PM org.apache.catalina.startup.HostConfig deployWAR
INFO: Deploying web application archive apache-solr-1.4.0.war
Mar 14, 2010 11:07:12 PM org.apache.solr.core.SolrResourceLoader locateSolrHome
INFO: No /solr/home in JNDI
Mar 14, 2010 11:07:12 PM org.apache.solr.core.SolrResourceLoader locateSolrHome
INFO: solr home defaulted to 'solr/' (could not find system property or JNDI)
Mar 14, 2010 11:07:12 PM org.apache.solr.core.SolrResourceLoader <init>
INFO: Solr home set to 'solr/'
Mar 14, 2010 11:07:12 PM org.apache.solr.servlet.SolrDispatchFilter init
INFO: SolrDispatchFilter.init()
Mar 14, 2010 11:07:12 PM org.apache.solr.core.SolrResourceLoader locateSolrHome
INFO: No /solr/home in JNDI
Mar 14, 2010 11:07:12 PM org.apache.solr.core.SolrResourceLoader locateSolrHome
INFO: solr home defaulted to 'solr/' (could not find system property or JNDI)
Mar 14, 2010 11:07:12 PM org.apache.solr.core.CoreContainer$Initializer initialize
INFO: looking for solr.xml: C:\apps\tomcat-solr\apache-solr-1.4.0\solr\solr.xml
Mar 14, 2010 11:07:12 PM org.apache.solr.core.SolrResourceLoader <init>
INFO: Solr home set to 'solr/'
Mar 14, 2010 11:07:12 PM org.apache.solr.servlet.SolrDispatchFilter init
SEVERE: Could not start SOLR. Check solr/home property
java.lang.RuntimeException: Can't find resource 'solrconfig.xml' in classpath or 'solr/conf/', cwd=C:\apps\tomcat-solr\apache-solr-1.4.0
	at org.apache.solr.core.SolrResourceLoader.openResource(SolrResourceLoader.java:260)
	at org.apache.solr.core.SolrResourceLoader.openConfig(SolrResourceLoader.java:228)
	at org.apache.solr.core.Config.<init>(Config.java:101)
	at org.apache.solr.core.SolrConfig.<init>(SolrConfig.java:130)
	at org.apache.solr.core.CoreContainer$Initializer.initialize(CoreContainer.java:134)
	at org.apache.solr.servlet.SolrDispatchFilter.init(SolrDispatchFilter.java:83)
	at org.apache.catalina.core.ApplicationFilterConfig.getFilter(ApplicationFilterConfig.java:221)
	at org.apache.catalina.core.ApplicationFilterConfig.setFilterDef(ApplicationFilterConfig.java:302)
	at org.apache.catalina.core.ApplicationFilterConfig.<init>(ApplicationFilterConfig.java:78)
	at org.apache.catalina.core.StandardContext.filterStart(StandardContext.java:3666)
	at org.apache.catalina.core.StandardContext.start(StandardContext.java:4258)
	at org.apache.catalina.core.ContainerBase.addChildInternal(ContainerBase.java:760)
	at org.apache.catalina.core.ContainerBase.addChild(ContainerBase.java:740)
	at org.apache.catalina.core.StandardHost.addChild(StandardHost.java:544)
	at org.apache.catalina.startup.HostConfig.deployWAR(HostConfig.java:831)
	at org.apache.catalina.startup.HostConfig.deployWARs(HostConfig.java:720)
	at org.apache.catalina.startup.HostConfig.deployApps(HostConfig.java:490)
	at org.apache.catalina.startup.HostConfig.start(HostConfig.java:1150)
	at org.apache.catalina.startup.HostConfig.lifecycleEvent(HostConfig.java:311)
	at org.apache.catalina.util.LifecycleSupport.fireLifecycleEvent(LifecycleSupport.java:120)
	at org.apache.catalina.core.ContainerBase.start(ContainerBase.java:1022)
	at org.apache.catalina.core.StandardHost.start(StandardHost.java:736)
	at org.apache.catalina.core.ContainerBase.start(ContainerBase.java:1014)
	at org.apache.catalina.core.StandardEngine.start(StandardEngine.java:443)
	at org.apache.catalina.core.StandardService.start(StandardService.java:448)
	at org.apache.catalina.core.StandardServer.start(StandardServer.java:700)
	at org.apache.catalina.startup.Catalina.start(Catalina.java:552)
	at sun.reflect.NativeMethodAccessorImpl.invoke0(Native Method)
	at sun.reflect.NativeMethodAccessorImpl.invoke(NativeMethodAccessorImpl.java:39)
	at sun.reflect.DelegatingMethodAccessorImpl.invoke(DelegatingMethodAccessorImpl.java:25)
	at java.lang.reflect.Method.invoke(Method.java:597)
	at org.apache.catalina.startup.Bootstrap.start(Bootstrap.java:295)
	at org.apache.catalina.startup.Bootstrap.main(Bootstrap.java:433)
Mar 14, 2010 11:07:12 PM org.apache.solr.core.CoreContainer finalize
SEVERE: CoreContainer was not shutdown prior to finalize(), indicates a bug -- POSSIBLE RESOURCE LEAK!!!
Mar 14, 2010 11:07:13 PM org.apache.solr.common.SolrException log
SEVERE: java.lang.RuntimeException: Can't find resource 'solrconfig.xml' in classpath or 'solr/conf/', cwd=C:\apps\tomcat-solr\apache-solr-1.4.0
	at org.apache.solr.core.SolrResourceLoader.openResource(SolrResourceLoader.java:260)
	at org.apache.solr.core.SolrResourceLoader.openConfig(SolrResourceLoader.java:228)
	at org.apache.solr.core.Config.<init>(Config.java:101)
	at org.apache.solr.core.SolrConfig.<init>(SolrConfig.java:130)
	at org.apache.solr.core.CoreContainer$Initializer.initialize(CoreContainer.java:134)
	at org.apache.solr.servlet.SolrDispatchFilter.init(SolrDispatchFilter.java:83)
	at org.apache.catalina.core.ApplicationFilterConfig.getFilter(ApplicationFilterConfig.java:221)
	at org.apache.catalina.core.ApplicationFilterConfig.setFilterDef(ApplicationFilterConfig.java:302)
	at org.apache.catalina.core.ApplicationFilterConfig.<init>(ApplicationFilterConfig.java:78)
	at org.apache.catalina.core.StandardContext.filterStart(StandardContext.java:3666)
	at org.apache.catalina.core.StandardContext.start(StandardContext.java:4258)
	at org.apache.catalina.core.ContainerBase.addChildInternal(ContainerBase.java:760)
	at org.apache.catalina.core.ContainerBase.addChild(ContainerBase.java:740)
	at org.apache.catalina.core.StandardHost.addChild(StandardHost.java:544)
	at org.apache.catalina.startup.HostConfig.deployWAR(HostConfig.java:831)
	at org.apache.catalina.startup.HostConfig.deployWARs(HostConfig.java:720)
	at org.apache.catalina.startup.HostConfig.deployApps(HostConfig.java:490)
	at org.apache.catalina.startup.HostConfig.start(HostConfig.java:1150)
	at org.apache.catalina.startup.HostConfig.lifecycleEvent(HostConfig.java:311)
	at org.apache.catalina.util.LifecycleSupport.fireLifecycleEvent(LifecycleSupport.java:120)
	at org.apache.catalina.core.ContainerBase.start(ContainerBase.java:1022)
	at org.apache.catalina.core.StandardHost.start(StandardHost.java:736)
	at org.apache.catalina.core.ContainerBase.start(ContainerBase.java:1014)
	at org.apache.catalina.core.StandardEngine.start(StandardEngine.java:443)
	at org.apache.catalina.core.StandardService.start(StandardService.java:448)
	at org.apache.catalina.core.StandardServer.start(StandardServer.java:700)
	at org.apache.catalina.startup.Catalina.start(Catalina.java:552)
	at sun.reflect.NativeMethodAccessorImpl.invoke0(Native Method)
	at sun.reflect.NativeMethodAccessorImpl.invoke(NativeMethodAccessorImpl.java:39)
	at sun.reflect.DelegatingMethodAccessorImpl.invoke(DelegatingMethodAccessorImpl.java:25)
	at java.lang.reflect.Method.invoke(Method.java:597)
	at org.apache.catalina.startup.Bootstrap.start(Bootstrap.java:295)
	at org.apache.catalina.startup.Bootstrap.main(Bootstrap.java:433)

Mar 14, 2010 11:07:13 PM org.apache.solr.servlet.SolrDispatchFilter init
INFO: SolrDispatchFilter.init() done
Mar 14, 2010 11:07:13 PM org.apache.solr.servlet.SolrServlet init
INFO: SolrServlet.init()
Mar 14, 2010 11:07:13 PM org.apache.solr.core.SolrResourceLoader locateSolrHome
INFO: No /solr/home in JNDI
Mar 14, 2010 11:07:13 PM org.apache.solr.core.SolrResourceLoader locateSolrHome
INFO: solr home defaulted to 'solr/' (could not find system property or JNDI)
Mar 14, 2010 11:07:13 PM org.apache.solr.servlet.SolrServlet init
INFO: SolrServlet.init() done
Mar 14, 2010 11:07:13 PM org.apache.solr.core.SolrResourceLoader locateSolrHome
INFO: No /solr/home in JNDI
Mar 14, 2010 11:07:13 PM org.apache.solr.core.SolrResourceLoader locateSolrHome
INFO: solr home defaulted to 'solr/' (could not find system property or JNDI)
Mar 14, 2010 11:07:13 PM org.apache.solr.servlet.SolrUpdateServlet init
INFO: SolrUpdateServlet.init() done
Mar 14, 2010 11:07:14 PM org.apache.coyote.http11.Http11BaseProtocol start
INFO: Starting Coyote HTTP/1.1 on http-8080
Mar 14, 2010 11:07:15 PM org.apache.jk.common.ChannelSocket init
INFO: JK: ajp13 listening on /0.0.0.0:8009
Mar 14, 2010 11:07:15 PM org.apache.jk.server.JkMain start
INFO: Jk running ID=0 time=0/47  config=null
Mar 14, 2010 11:07:15 PM org.apache.catalina.storeconfig.StoreLoader load
INFO: Find registry server-registry.xml at classpath resource
Mar 14, 2010 11:07:15 PM org.apache.catalina.startup.Catalina start
INFO: Server startup in 6062 ms
Mar 14, 2010 11:17:39 PM org.apache.coyote.http11.Http11BaseProtocol pause
INFO: Pausing Coyote HTTP/1.1 on http-8080
Mar 14, 2010 11:17:40 PM org.apache.catalina.core.StandardService stop
INFO: Stopping service Catalina
Mar 14, 2010 11:17:41 PM org.apache.coyote.http11.Http11BaseProtocol destroy
INFO: Stopping Coyote HTTP/1.1 on http-8080
Mar 14, 2010 11:17:41 PM org.apache.catalina.core.AprLifecycleListener lifecycleEvent
INFO: Failed shutdown of Apache Portable Runtime
Mar 14, 2010 11:19:30 PM org.apache.catalina.core.AprLifecycleListener lifecycleEvent
INFO: The Apache Tomcat Native library which allows optimal performance in production environments was not found on the java.library.path: C:\Program Files\Java\jdk1.6.0\bin;.;C:\WINDOWS\Sun\Java\bin;C:\WINDOWS\system32;C:\WINDOWS;C:\WINDOWS\system32;C:\WINDOWS;C:\WINDOWS\System32\Wbem;C:\Program Files\Microsoft SQL Server\90\Tools\binn\;C:\Program Files\RadView\WebLOAD\bin;C:\Program Files\RadView\WebLOAD\bin\jre\bin;C:\Program Files\TortoiseSVN\bin;C:\Program Files\Java\jdk1.6.0\bin;C:\Program Files\OpenVPN\bin
Mar 14, 2010 11:19:30 PM org.apache.coyote.http11.Http11BaseProtocol init
INFO: Initializing Coyote HTTP/1.1 on http-8080
Mar 14, 2010 11:19:30 PM org.apache.catalina.startup.Catalina load
INFO: Initialization processed in 390 ms
Mar 14, 2010 11:19:30 PM org.apache.catalina.core.StandardService start
INFO: Starting service Catalina
Mar 14, 2010 11:19:30 PM org.apache.catalina.core.StandardEngine start
INFO: Starting Servlet Engine: Apache Tomcat/5.5.28
Mar 14, 2010 11:19:30 PM org.apache.catalina.core.StandardHost start
INFO: XML validation disabled
Mar 14, 2010 11:19:30 PM org.apache.catalina.startup.HostConfig deployWAR
INFO: Deploying web application archive apache-solr-1.4.0.war
Mar 14, 2010 11:19:31 PM org.apache.solr.core.SolrResourceLoader locateSolrHome
INFO: No /solr/home in JNDI
Mar 14, 2010 11:19:31 PM org.apache.solr.core.SolrResourceLoader locateSolrHome
INFO: solr home defaulted to 'solr/' (could not find system property or JNDI)
Mar 14, 2010 11:19:31 PM org.apache.solr.core.SolrResourceLoader <init>
INFO: Solr home set to 'solr/'
Mar 14, 2010 11:19:31 PM org.apache.solr.servlet.SolrDispatchFilter init
INFO: SolrDispatchFilter.init()
Mar 14, 2010 11:19:31 PM org.apache.solr.core.SolrResourceLoader locateSolrHome
INFO: No /solr/home in JNDI
Mar 14, 2010 11:19:31 PM org.apache.solr.core.SolrResourceLoader locateSolrHome
INFO: solr home defaulted to 'solr/' (could not find system property or JNDI)
Mar 14, 2010 11:19:31 PM org.apache.solr.core.CoreContainer$Initializer initialize
INFO: looking for solr.xml: C:\apps\tomcat-solr\solr\solr\solr.xml
Mar 14, 2010 11:19:31 PM org.apache.solr.core.SolrResourceLoader <init>
INFO: Solr home set to 'solr/'
Mar 14, 2010 11:19:31 PM org.apache.solr.servlet.SolrDispatchFilter init
SEVERE: Could not start SOLR. Check solr/home property
java.lang.RuntimeException: Can't find resource 'solrconfig.xml' in classpath or 'solr/conf/', cwd=C:\apps\tomcat-solr\solr
	at org.apache.solr.core.SolrResourceLoader.openResource(SolrResourceLoader.java:260)
	at org.apache.solr.core.SolrResourceLoader.openConfig(SolrResourceLoader.java:228)
	at org.apache.solr.core.Config.<init>(Config.java:101)
	at org.apache.solr.core.SolrConfig.<init>(SolrConfig.java:130)
	at org.apache.solr.core.CoreContainer$Initializer.initialize(CoreContainer.java:134)
	at org.apache.solr.servlet.SolrDispatchFilter.init(SolrDispatchFilter.java:83)
	at org.apache.catalina.core.ApplicationFilterConfig.getFilter(ApplicationFilterConfig.java:221)
	at org.apache.catalina.core.ApplicationFilterConfig.setFilterDef(ApplicationFilterConfig.java:302)
	at org.apache.catalina.core.ApplicationFilterConfig.<init>(ApplicationFilterConfig.java:78)
	at org.apache.catalina.core.StandardContext.filterStart(StandardContext.java:3666)
	at org.apache.catalina.core.StandardContext.start(StandardContext.java:4258)
	at org.apache.catalina.core.ContainerBase.addChildInternal(ContainerBase.java:760)
	at org.apache.catalina.core.ContainerBase.addChild(ContainerBase.java:740)
	at org.apache.catalina.core.StandardHost.addChild(StandardHost.java:544)
	at org.apache.catalina.startup.HostConfig.deployWAR(HostConfig.java:831)
	at org.apache.catalina.startup.HostConfig.deployWARs(HostConfig.java:720)
	at org.apache.catalina.startup.HostConfig.deployApps(HostConfig.java:490)
	at org.apache.catalina.startup.HostConfig.start(HostConfig.java:1150)
	at org.apache.catalina.startup.HostConfig.lifecycleEvent(HostConfig.java:311)
	at org.apache.catalina.util.LifecycleSupport.fireLifecycleEvent(LifecycleSupport.java:120)
	at org.apache.catalina.core.ContainerBase.start(ContainerBase.java:1022)
	at org.apache.catalina.core.StandardHost.start(StandardHost.java:736)
	at org.apache.catalina.core.ContainerBase.start(ContainerBase.java:1014)
	at org.apache.catalina.core.StandardEngine.start(StandardEngine.java:443)
	at org.apache.catalina.core.StandardService.start(StandardService.java:448)
	at org.apache.catalina.core.StandardServer.start(StandardServer.java:700)
	at org.apache.catalina.startup.Catalina.start(Catalina.java:552)
	at sun.reflect.NativeMethodAccessorImpl.invoke0(Native Method)
	at sun.reflect.NativeMethodAccessorImpl.invoke(NativeMethodAccessorImpl.java:39)
	at sun.reflect.DelegatingMethodAccessorImpl.invoke(DelegatingMethodAccessorImpl.java:25)
	at java.lang.reflect.Method.invoke(Method.java:597)
	at org.apache.catalina.startup.Bootstrap.start(Bootstrap.java:295)
	at org.apache.catalina.startup.Bootstrap.main(Bootstrap.java:433)
Mar 14, 2010 11:19:31 PM org.apache.solr.core.CoreContainer finalize
SEVERE: CoreContainer was not shutdown prior to finalize(), indicates a bug -- POSSIBLE RESOURCE LEAK!!!
Mar 14, 2010 11:19:31 PM org.apache.solr.common.SolrException log
SEVERE: java.lang.RuntimeException: Can't find resource 'solrconfig.xml' in classpath or 'solr/conf/', cwd=C:\apps\tomcat-solr\solr
	at org.apache.solr.core.SolrResourceLoader.openResource(SolrResourceLoader.java:260)
	at org.apache.solr.core.SolrResourceLoader.openConfig(SolrResourceLoader.java:228)
	at org.apache.solr.core.Config.<init>(Config.java:101)
	at org.apache.solr.core.SolrConfig.<init>(SolrConfig.java:130)
	at org.apache.solr.core.CoreContainer$Initializer.initialize(CoreContainer.java:134)
	at org.apache.solr.servlet.SolrDispatchFilter.init(SolrDispatchFilter.java:83)
	at org.apache.catalina.core.ApplicationFilterConfig.getFilter(ApplicationFilterConfig.java:221)
	at org.apache.catalina.core.ApplicationFilterConfig.setFilterDef(ApplicationFilterConfig.java:302)
	at org.apache.catalina.core.ApplicationFilterConfig.<init>(ApplicationFilterConfig.java:78)
	at org.apache.catalina.core.StandardContext.filterStart(StandardContext.java:3666)
	at org.apache.catalina.core.StandardContext.start(StandardContext.java:4258)
	at org.apache.catalina.core.ContainerBase.addChildInternal(ContainerBase.java:760)
	at org.apache.catalina.core.ContainerBase.addChild(ContainerBase.java:740)
	at org.apache.catalina.core.StandardHost.addChild(StandardHost.java:544)
	at org.apache.catalina.startup.HostConfig.deployWAR(HostConfig.java:831)
	at org.apache.catalina.startup.HostConfig.deployWARs(HostConfig.java:720)
	at org.apache.catalina.startup.HostConfig.deployApps(HostConfig.java:490)
	at org.apache.catalina.startup.HostConfig.start(HostConfig.java:1150)
	at org.apache.catalina.startup.HostConfig.lifecycleEvent(HostConfig.java:311)
	at org.apache.catalina.util.LifecycleSupport.fireLifecycleEvent(LifecycleSupport.java:120)
	at org.apache.catalina.core.ContainerBase.start(ContainerBase.java:1022)
	at org.apache.catalina.core.StandardHost.start(StandardHost.java:736)
	at org.apache.catalina.core.ContainerBase.start(ContainerBase.java:1014)
	at org.apache.catalina.core.StandardEngine.start(StandardEngine.java:443)
	at org.apache.catalina.core.StandardService.start(StandardService.java:448)
	at org.apache.catalina.core.StandardServer.start(StandardServer.java:700)
	at org.apache.catalina.startup.Catalina.start(Catalina.java:552)
	at sun.reflect.NativeMethodAccessorImpl.invoke0(Native Method)
	at sun.reflect.NativeMethodAccessorImpl.invoke(NativeMethodAccessorImpl.java:39)
	at sun.reflect.DelegatingMethodAccessorImpl.invoke(DelegatingMethodAccessorImpl.java:25)
	at java.lang.reflect.Method.invoke(Method.java:597)
	at org.apache.catalina.startup.Bootstrap.start(Bootstrap.java:295)
	at org.apache.catalina.startup.Bootstrap.main(Bootstrap.java:433)

Mar 14, 2010 11:19:31 PM org.apache.solr.servlet.SolrDispatchFilter init
INFO: SolrDispatchFilter.init() done
Mar 14, 2010 11:19:31 PM org.apache.solr.servlet.SolrServlet init
INFO: SolrServlet.init()
Mar 14, 2010 11:19:31 PM org.apache.solr.core.SolrResourceLoader locateSolrHome
INFO: No /solr/home in JNDI
Mar 14, 2010 11:19:31 PM org.apache.solr.core.SolrResourceLoader locateSolrHome
INFO: solr home defaulted to 'solr/' (could not find system property or JNDI)
Mar 14, 2010 11:19:31 PM org.apache.solr.servlet.SolrServlet init
INFO: SolrServlet.init() done
Mar 14, 2010 11:19:31 PM org.apache.solr.core.SolrResourceLoader locateSolrHome
INFO: No /solr/home in JNDI
Mar 14, 2010 11:19:31 PM org.apache.solr.core.SolrResourceLoader locateSolrHome
INFO: solr home defaulted to 'solr/' (could not find system property or JNDI)
Mar 14, 2010 11:19:31 PM org.apache.solr.servlet.SolrUpdateServlet init
INFO: SolrUpdateServlet.init() done
Mar 14, 2010 11:19:31 PM org.apache.coyote.http11.Http11BaseProtocol start
INFO: Starting Coyote HTTP/1.1 on http-8080
Mar 14, 2010 11:19:31 PM org.apache.jk.common.ChannelSocket init
INFO: JK: ajp13 listening on /0.0.0.0:8009
Mar 14, 2010 11:19:31 PM org.apache.jk.server.JkMain start
INFO: Jk running ID=0 time=0/15  config=null
Mar 14, 2010 11:19:31 PM org.apache.catalina.storeconfig.StoreLoader load
INFO: Find registry server-registry.xml at classpath resource
Mar 14, 2010 11:19:31 PM org.apache.catalina.startup.Catalina start
INFO: Server startup in 1063 ms
Mar 14, 2010 11:26:21 PM org.apache.catalina.startup.HostConfig deployDescriptor
SEVERE: Error deploying configuration descriptor solrconfig.xml
Mar 14, 2010 11:26:30 PM org.apache.coyote.http11.Http11BaseProtocol pause
INFO: Pausing Coyote HTTP/1.1 on http-8080
Mar 14, 2010 11:26:31 PM org.apache.catalina.core.StandardService stop
INFO: Stopping service Catalina
Mar 14, 2010 11:26:31 PM org.apache.coyote.http11.Http11BaseProtocol destroy
INFO: Stopping Coyote HTTP/1.1 on http-8080
Mar 14, 2010 11:26:31 PM org.apache.catalina.core.AprLifecycleListener lifecycleEvent
INFO: Failed shutdown of Apache Portable Runtime
Mar 14, 2010 11:26:35 PM org.apache.catalina.core.AprLifecycleListener lifecycleEvent
INFO: The Apache Tomcat Native library which allows optimal performance in production environments was not found on the java.library.path: C:\Program Files\Java\jdk1.6.0\bin;.;C:\WINDOWS\Sun\Java\bin;C:\WINDOWS\system32;C:\WINDOWS;C:\WINDOWS\system32;C:\WINDOWS;C:\WINDOWS\System32\Wbem;C:\Program Files\Microsoft SQL Server\90\Tools\binn\;C:\Program Files\RadView\WebLOAD\bin;C:\Program Files\RadView\WebLOAD\bin\jre\bin;C:\Program Files\TortoiseSVN\bin;C:\Program Files\Java\jdk1.6.0\bin;C:\Program Files\OpenVPN\bin
Mar 14, 2010 11:26:35 PM org.apache.coyote.http11.Http11BaseProtocol init
INFO: Initializing Coyote HTTP/1.1 on http-8080
Mar 14, 2010 11:26:35 PM org.apache.catalina.startup.Catalina load
INFO: Initialization processed in 422 ms
Mar 14, 2010 11:26:35 PM org.apache.catalina.core.StandardService start
INFO: Starting service Catalina
Mar 14, 2010 11:26:35 PM org.apache.catalina.core.StandardEngine start
INFO: Starting Servlet Engine: Apache Tomcat/5.5.28
Mar 14, 2010 11:26:35 PM org.apache.catalina.core.StandardHost start
INFO: XML validation disabled
Mar 14, 2010 11:26:36 PM org.apache.catalina.startup.HostConfig deployDescriptor
SEVERE: Error deploying configuration descriptor solrconfig.xml
Mar 14, 2010 11:26:36 PM org.apache.catalina.startup.HostConfig deployWAR
INFO: Deploying web application archive apache-solr-1.4.0.war
Mar 14, 2010 11:26:36 PM org.apache.solr.core.SolrResourceLoader locateSolrHome
INFO: No /solr/home in JNDI
Mar 14, 2010 11:26:36 PM org.apache.solr.core.SolrResourceLoader locateSolrHome
INFO: solr home defaulted to 'solr/' (could not find system property or JNDI)
Mar 14, 2010 11:26:36 PM org.apache.solr.core.SolrResourceLoader <init>
INFO: Solr home set to 'solr/'
Mar 14, 2010 11:26:36 PM org.apache.solr.servlet.SolrDispatchFilter init
INFO: SolrDispatchFilter.init()
Mar 14, 2010 11:26:36 PM org.apache.solr.core.SolrResourceLoader locateSolrHome
INFO: No /solr/home in JNDI
Mar 14, 2010 11:26:36 PM org.apache.solr.core.SolrResourceLoader locateSolrHome
INFO: solr home defaulted to 'solr/' (could not find system property or JNDI)
Mar 14, 2010 11:26:36 PM org.apache.solr.core.CoreContainer$Initializer initialize
INFO: looking for solr.xml: C:\apps\tomcat-solr\solr\solr\solr.xml
Mar 14, 2010 11:26:36 PM org.apache.solr.core.SolrResourceLoader <init>
INFO: Solr home set to 'solr/'
Mar 14, 2010 11:26:36 PM org.apache.solr.core.SolrConfig initLibs
INFO: Adding specified lib dirs to ClassLoader
Mar 14, 2010 11:26:36 PM org.apache.solr.core.SolrConfig <init>
INFO: Loaded SolrConfig: solrconfig.xml
Mar 14, 2010 11:26:37 PM org.apache.solr.core.SolrCore <init>
INFO: Opening new SolrCore at solr/, dataDir=./solr/data\
Mar 14, 2010 11:26:37 PM org.apache.solr.schema.IndexSchema readSchema
INFO: Reading Solr Schema
Mar 14, 2010 11:26:37 PM org.apache.solr.schema.IndexSchema readSchema
INFO: Schema name=example
Mar 14, 2010 11:26:37 PM org.apache.solr.util.plugin.AbstractPluginLoader load
INFO: created string: org.apache.solr.schema.StrField
Mar 14, 2010 11:26:37 PM org.apache.solr.util.plugin.AbstractPluginLoader load
INFO: created boolean: org.apache.solr.schema.BoolField
Mar 14, 2010 11:26:37 PM org.apache.solr.util.plugin.AbstractPluginLoader load
INFO: created binary: org.apache.solr.schema.BinaryField
Mar 14, 2010 11:26:37 PM org.apache.solr.util.plugin.AbstractPluginLoader load
INFO: created int: org.apache.solr.schema.TrieIntField
Mar 14, 2010 11:26:37 PM org.apache.solr.util.plugin.AbstractPluginLoader load
INFO: created float: org.apache.solr.schema.TrieFloatField
Mar 14, 2010 11:26:37 PM org.apache.solr.util.plugin.AbstractPluginLoader load
INFO: created long: org.apache.solr.schema.TrieLongField
Mar 14, 2010 11:26:37 PM org.apache.solr.util.plugin.AbstractPluginLoader load
INFO: created double: org.apache.solr.schema.TrieDoubleField
Mar 14, 2010 11:26:37 PM org.apache.solr.util.plugin.AbstractPluginLoader load
INFO: created tint: org.apache.solr.schema.TrieIntField
Mar 14, 2010 11:26:37 PM org.apache.solr.util.plugin.AbstractPluginLoader load
INFO: created tfloat: org.apache.solr.schema.TrieFloatField
Mar 14, 2010 11:26:37 PM org.apache.solr.util.plugin.AbstractPluginLoader load
INFO: created tlong: org.apache.solr.schema.TrieLongField
Mar 14, 2010 11:26:37 PM org.apache.solr.util.plugin.AbstractPluginLoader load
INFO: created tdouble: org.apache.solr.schema.TrieDoubleField
Mar 14, 2010 11:26:37 PM org.apache.solr.util.plugin.AbstractPluginLoader load
INFO: created date: org.apache.solr.schema.TrieDateField
Mar 14, 2010 11:26:37 PM org.apache.solr.util.plugin.AbstractPluginLoader load
INFO: created tdate: org.apache.solr.schema.TrieDateField
Mar 14, 2010 11:26:37 PM org.apache.solr.util.plugin.AbstractPluginLoader load
INFO: created pint: org.apache.solr.schema.IntField
Mar 14, 2010 11:26:37 PM org.apache.solr.util.plugin.AbstractPluginLoader load
INFO: created plong: org.apache.solr.schema.LongField
Mar 14, 2010 11:26:37 PM org.apache.solr.util.plugin.AbstractPluginLoader load
INFO: created pfloat: org.apache.solr.schema.FloatField
Mar 14, 2010 11:26:37 PM org.apache.solr.util.plugin.AbstractPluginLoader load
INFO: created pdouble: org.apache.solr.schema.DoubleField
Mar 14, 2010 11:26:37 PM org.apache.solr.util.plugin.AbstractPluginLoader load
INFO: created pdate: org.apache.solr.schema.DateField
Mar 14, 2010 11:26:37 PM org.apache.solr.util.plugin.AbstractPluginLoader load
INFO: created sint: org.apache.solr.schema.SortableIntField
Mar 14, 2010 11:26:37 PM org.apache.solr.util.plugin.AbstractPluginLoader load
INFO: created slong: org.apache.solr.schema.SortableLongField
Mar 14, 2010 11:26:37 PM org.apache.solr.util.plugin.AbstractPluginLoader load
INFO: created sfloat: org.apache.solr.schema.SortableFloatField
Mar 14, 2010 11:26:37 PM org.apache.solr.util.plugin.AbstractPluginLoader load
INFO: created sdouble: org.apache.solr.schema.SortableDoubleField
Mar 14, 2010 11:26:37 PM org.apache.solr.util.plugin.AbstractPluginLoader load
INFO: created random: org.apache.solr.schema.RandomSortField
Mar 14, 2010 11:26:37 PM org.apache.solr.util.plugin.AbstractPluginLoader load
INFO: created null: org.apache.solr.analysis.WhitespaceTokenizerFactory
Mar 14, 2010 11:26:37 PM org.apache.solr.util.plugin.AbstractPluginLoader load
INFO: created text_ws: org.apache.solr.schema.TextField
Mar 14, 2010 11:26:37 PM org.apache.solr.util.plugin.AbstractPluginLoader load
INFO: created null: org.apache.solr.analysis.WhitespaceTokenizerFactory
Mar 14, 2010 11:26:37 PM org.apache.solr.util.plugin.AbstractPluginLoader load
INFO: created null: org.apache.solr.analysis.SynonymFilterFactory
Mar 14, 2010 11:26:37 PM org.apache.solr.util.plugin.AbstractPluginLoader load
INFO: created null: org.apache.solr.analysis.StopFilterFactory
Mar 14, 2010 11:26:37 PM org.apache.solr.util.plugin.AbstractPluginLoader load
INFO: created null: org.apache.solr.analysis.WordDelimiterFilterFactory
Mar 14, 2010 11:26:37 PM org.apache.solr.util.plugin.AbstractPluginLoader load
INFO: created null: org.apache.solr.analysis.LowerCaseFilterFactory
Mar 14, 2010 11:26:37 PM org.apache.solr.util.plugin.AbstractPluginLoader load
INFO: created null: org.apache.solr.analysis.SnowballPorterFilterFactory
Mar 14, 2010 11:26:37 PM org.apache.solr.util.plugin.AbstractPluginLoader load
INFO: created null: org.apache.solr.analysis.WhitespaceTokenizerFactory
Mar 14, 2010 11:26:37 PM org.apache.solr.util.plugin.AbstractPluginLoader load
INFO: created null: org.apache.solr.analysis.StopFilterFactory
Mar 14, 2010 11:26:37 PM org.apache.solr.util.plugin.AbstractPluginLoader load
INFO: created null: org.apache.solr.analysis.WordDelimiterFilterFactory
Mar 14, 2010 11:26:37 PM org.apache.solr.util.plugin.AbstractPluginLoader load
INFO: created null: org.apache.solr.analysis.LowerCaseFilterFactory
Mar 14, 2010 11:26:37 PM org.apache.solr.util.plugin.AbstractPluginLoader load
INFO: created null: org.apache.solr.analysis.SnowballPorterFilterFactory
Mar 14, 2010 11:26:37 PM org.apache.solr.util.plugin.AbstractPluginLoader load
INFO: created text: org.apache.solr.schema.TextField
Mar 14, 2010 11:26:37 PM org.apache.solr.util.plugin.AbstractPluginLoader load
INFO: created null: org.apache.solr.analysis.WhitespaceTokenizerFactory
Mar 14, 2010 11:26:37 PM org.apache.solr.util.plugin.AbstractPluginLoader load
INFO: created null: org.apache.solr.analysis.SynonymFilterFactory
Mar 14, 2010 11:26:37 PM org.apache.solr.util.plugin.AbstractPluginLoader load
INFO: created null: org.apache.solr.analysis.StopFilterFactory
Mar 14, 2010 11:26:37 PM org.apache.solr.util.plugin.AbstractPluginLoader load
INFO: created null: org.apache.solr.analysis.WordDelimiterFilterFactory
Mar 14, 2010 11:26:37 PM org.apache.solr.util.plugin.AbstractPluginLoader load
INFO: created null: org.apache.solr.analysis.LowerCaseFilterFactory
Mar 14, 2010 11:26:37 PM org.apache.solr.util.plugin.AbstractPluginLoader load
INFO: created null: org.apache.solr.analysis.SnowballPorterFilterFactory
Mar 14, 2010 11:26:37 PM org.apache.solr.util.plugin.AbstractPluginLoader load
INFO: created null: org.apache.solr.analysis.RemoveDuplicatesTokenFilterFactory
Mar 14, 2010 11:26:37 PM org.apache.solr.util.plugin.AbstractPluginLoader load
INFO: created textTight: org.apache.solr.schema.TextField
Mar 14, 2010 11:26:37 PM org.apache.solr.util.plugin.AbstractPluginLoader load
INFO: created null: org.apache.solr.analysis.WhitespaceTokenizerFactory
Mar 14, 2010 11:26:37 PM org.apache.solr.util.plugin.AbstractPluginLoader load
INFO: created null: org.apache.solr.analysis.SynonymFilterFactory
Mar 14, 2010 11:26:37 PM org.apache.solr.util.plugin.AbstractPluginLoader load
INFO: created null: org.apache.solr.analysis.StopFilterFactory
Mar 14, 2010 11:26:37 PM org.apache.solr.util.plugin.AbstractPluginLoader load
INFO: created null: org.apache.solr.analysis.WordDelimiterFilterFactory
Mar 14, 2010 11:26:37 PM org.apache.solr.util.plugin.AbstractPluginLoader load
INFO: created null: org.apache.solr.analysis.LowerCaseFilterFactory
Mar 14, 2010 11:26:37 PM org.apache.solr.util.plugin.AbstractPluginLoader load
INFO: created null: org.apache.solr.analysis.WhitespaceTokenizerFactory
Mar 14, 2010 11:26:37 PM org.apache.solr.util.plugin.AbstractPluginLoader load
INFO: created null: org.apache.solr.analysis.StopFilterFactory
Mar 14, 2010 11:26:37 PM org.apache.solr.util.plugin.AbstractPluginLoader load
INFO: created null: org.apache.solr.analysis.WordDelimiterFilterFactory
Mar 14, 2010 11:26:37 PM org.apache.solr.util.plugin.AbstractPluginLoader load
INFO: created null: org.apache.solr.analysis.LowerCaseFilterFactory
Mar 14, 2010 11:26:37 PM org.apache.solr.util.plugin.AbstractPluginLoader load
INFO: created textgen: org.apache.solr.schema.TextField
Mar 14, 2010 11:26:37 PM org.apache.solr.util.plugin.AbstractPluginLoader load
INFO: created null: org.apache.solr.analysis.WhitespaceTokenizerFactory
Mar 14, 2010 11:26:37 PM org.apache.solr.util.plugin.AbstractPluginLoader load
INFO: created null: org.apache.solr.analysis.SynonymFilterFactory
Mar 14, 2010 11:26:37 PM org.apache.solr.util.plugin.AbstractPluginLoader load
INFO: created null: org.apache.solr.analysis.StopFilterFactory
Mar 14, 2010 11:26:37 PM org.apache.solr.util.plugin.AbstractPluginLoader load
INFO: created null: org.apache.solr.analysis.WordDelimiterFilterFactory
Mar 14, 2010 11:26:37 PM org.apache.solr.util.plugin.AbstractPluginLoader load
INFO: created null: org.apache.solr.analysis.LowerCaseFilterFactory
Mar 14, 2010 11:26:37 PM org.apache.solr.util.plugin.AbstractPluginLoader load
INFO: created null: org.apache.solr.analysis.WhitespaceTokenizerFactory
Mar 14, 2010 11:26:37 PM org.apache.solr.util.plugin.AbstractPluginLoader load
INFO: created null: org.apache.solr.analysis.StopFilterFactory
Mar 14, 2010 11:26:37 PM org.apache.solr.util.plugin.AbstractPluginLoader load
INFO: created null: org.apache.solr.analysis.WordDelimiterFilterFactory
Mar 14, 2010 11:26:37 PM org.apache.solr.util.plugin.AbstractPluginLoader load
INFO: created null: org.apache.solr.analysis.LowerCaseFilterFactory
Mar 14, 2010 11:26:37 PM org.apache.solr.util.plugin.AbstractPluginLoader load
INFO: created null: org.apache.solr.analysis.ReversedWildcardFilterFactory
Mar 14, 2010 11:26:37 PM org.apache.solr.util.plugin.AbstractPluginLoader load
INFO: created text_rev: org.apache.solr.schema.TextField
Mar 14, 2010 11:26:37 PM org.apache.solr.util.plugin.AbstractPluginLoader load
INFO: created null: org.apache.solr.analysis.KeywordTokenizerFactory
Mar 14, 2010 11:26:37 PM org.apache.solr.util.plugin.AbstractPluginLoader load
INFO: created null: org.apache.solr.analysis.LowerCaseFilterFactory
Mar 14, 2010 11:26:37 PM org.apache.solr.util.plugin.AbstractPluginLoader load
INFO: created null: org.apache.solr.analysis.TrimFilterFactory
Mar 14, 2010 11:26:37 PM org.apache.solr.util.plugin.AbstractPluginLoader load
INFO: created null: org.apache.solr.analysis.PatternReplaceFilterFactory
Mar 14, 2010 11:26:37 PM org.apache.solr.util.plugin.AbstractPluginLoader load
INFO: created alphaOnlySort: org.apache.solr.schema.TextField
Mar 14, 2010 11:26:37 PM org.apache.solr.util.plugin.AbstractPluginLoader load
INFO: created null: org.apache.solr.analysis.StandardTokenizerFactory
Mar 14, 2010 11:26:37 PM org.apache.solr.util.plugin.AbstractPluginLoader load
INFO: created null: org.apache.solr.analysis.DoubleMetaphoneFilterFactory
Mar 14, 2010 11:26:37 PM org.apache.solr.util.plugin.AbstractPluginLoader load
INFO: created phonetic: org.apache.solr.schema.TextField
Mar 14, 2010 11:26:37 PM org.apache.solr.util.plugin.AbstractPluginLoader load
INFO: created null: org.apache.solr.analysis.WhitespaceTokenizerFactory
Mar 14, 2010 11:26:37 PM org.apache.solr.util.plugin.AbstractPluginLoader load
INFO: created null: org.apache.solr.analysis.DelimitedPayloadTokenFilterFactory
Mar 14, 2010 11:26:37 PM org.apache.solr.util.plugin.AbstractPluginLoader load
INFO: created payloads: org.apache.solr.schema.TextField
Mar 14, 2010 11:26:37 PM org.apache.solr.util.plugin.AbstractPluginLoader load
INFO: created null: org.apache.solr.analysis.KeywordTokenizerFactory
Mar 14, 2010 11:26:37 PM org.apache.solr.util.plugin.AbstractPluginLoader load
INFO: created null: org.apache.solr.analysis.LowerCaseFilterFactory
Mar 14, 2010 11:26:37 PM org.apache.solr.util.plugin.AbstractPluginLoader load
INFO: created lowercase: org.apache.solr.schema.TextField
Mar 14, 2010 11:26:37 PM org.apache.solr.util.plugin.AbstractPluginLoader load
INFO: created ignored: org.apache.solr.schema.StrField
Mar 14, 2010 11:26:37 PM org.apache.solr.schema.IndexSchema readSchema
INFO: default search field is text
Mar 14, 2010 11:26:37 PM org.apache.solr.schema.IndexSchema readSchema
INFO: query parser default operator is OR
Mar 14, 2010 11:26:37 PM org.apache.solr.schema.IndexSchema readSchema
INFO: unique key field: id
Mar 14, 2010 11:26:37 PM org.apache.solr.core.JmxMonitoredMap <init>
INFO: JMX monitoring is enabled. Adding Solr mbeans to JMX Server: com.sun.jmx.mbeanserver.JmxMBeanServer@2db19d
Mar 14, 2010 11:26:37 PM org.apache.solr.core.SolrCore initListeners
INFO: Added SolrEventListener: org.apache.solr.core.QuerySenderListener{queries=[]}
Mar 14, 2010 11:26:37 PM org.apache.solr.core.SolrCore initListeners
INFO: Added SolrEventListener: org.apache.solr.core.QuerySenderListener{queries=[{q=solr rocks,start=0,rows=10}, {q=static firstSearcher warming query from solrconfig.xml}]}
Mar 14, 2010 11:26:37 PM org.apache.solr.core.SolrCore initIndex
WARNING: Solr index directory '.\solr\data\index' doesn't exist. Creating new index...
Mar 14, 2010 11:26:38 PM org.apache.solr.core.SolrDeletionPolicy onInit
INFO: SolrDeletionPolicy.onInit: commits:num=1
	commit{dir=C:\apps\tomcat-solr\solr\solr\data\index,segFN=segments_1,version=1268601997938,generation=1,filenames=[segments_1]
Mar 14, 2010 11:26:38 PM org.apache.solr.core.SolrDeletionPolicy updateCommits
INFO: newest commit = 1268601997938
Mar 14, 2010 11:26:38 PM org.apache.solr.request.XSLTResponseWriter init
INFO: xsltCacheLifetimeSeconds=5
Mar 14, 2010 11:26:38 PM org.apache.solr.core.RequestHandlers initHandlersFromConfig
INFO: created standard: solr.SearchHandler
Mar 14, 2010 11:26:38 PM org.apache.solr.core.RequestHandlers initHandlersFromConfig
INFO: created dismax: solr.SearchHandler
Mar 14, 2010 11:26:38 PM org.apache.solr.core.RequestHandlers initHandlersFromConfig
INFO: created partitioned: solr.SearchHandler
Mar 14, 2010 11:26:38 PM org.apache.solr.core.RequestHandlers initHandlersFromConfig
INFO: created /spell: solr.SearchHandler
Mar 14, 2010 11:26:38 PM org.apache.solr.core.RequestHandlers initHandlersFromConfig
INFO: created tvrh: org.apache.solr.handler.component.SearchHandler
Mar 14, 2010 11:26:38 PM org.apache.solr.core.RequestHandlers initHandlersFromConfig
INFO: adding lazy requestHandler: org.apache.solr.handler.extraction.ExtractingRequestHandler
Mar 14, 2010 11:26:38 PM org.apache.solr.core.RequestHandlers initHandlersFromConfig
INFO: created /update/extract: org.apache.solr.handler.extraction.ExtractingRequestHandler
Mar 14, 2010 11:26:38 PM org.apache.solr.core.RequestHandlers initHandlersFromConfig
INFO: created /terms: org.apache.solr.handler.component.SearchHandler
Mar 14, 2010 11:26:38 PM org.apache.solr.core.RequestHandlers initHandlersFromConfig
INFO: adding lazy requestHandler: solr.SearchHandler
Mar 14, 2010 11:26:38 PM org.apache.solr.core.RequestHandlers initHandlersFromConfig
INFO: created /elevate: solr.SearchHandler
Mar 14, 2010 11:26:38 PM org.apache.solr.core.RequestHandlers initHandlersFromConfig
INFO: created /update: solr.XmlUpdateRequestHandler
Mar 14, 2010 11:26:38 PM org.apache.solr.core.RequestHandlers initHandlersFromConfig
INFO: created /update/javabin: solr.BinaryUpdateRequestHandler
Mar 14, 2010 11:26:38 PM org.apache.solr.core.RequestHandlers initHandlersFromConfig
INFO: created /analysis/document: solr.DocumentAnalysisRequestHandler
Mar 14, 2010 11:26:38 PM org.apache.solr.core.RequestHandlers initHandlersFromConfig
INFO: created /analysis/field: solr.FieldAnalysisRequestHandler
Mar 14, 2010 11:26:38 PM org.apache.solr.core.RequestHandlers initHandlersFromConfig
INFO: adding lazy requestHandler: solr.CSVRequestHandler
Mar 14, 2010 11:26:38 PM org.apache.solr.core.RequestHandlers initHandlersFromConfig
INFO: created /update/csv: solr.CSVRequestHandler
Mar 14, 2010 11:26:38 PM org.apache.solr.core.RequestHandlers initHandlersFromConfig
INFO: created /admin/: org.apache.solr.handler.admin.AdminHandlers
Mar 14, 2010 11:26:38 PM org.apache.solr.core.RequestHandlers initHandlersFromConfig
INFO: created /admin/ping: PingRequestHandler
Mar 14, 2010 11:26:38 PM org.apache.solr.core.RequestHandlers initHandlersFromConfig
INFO: created /debug/dump: solr.DumpRequestHandler
Mar 14, 2010 11:26:38 PM org.apache.solr.search.SolrIndexSearcher <init>
INFO: Opening Searcher@190a0d6 main
Mar 14, 2010 11:26:38 PM org.apache.solr.update.DirectUpdateHandler2$CommitTracker <init>
INFO: AutoCommit: disabled
Mar 14, 2010 11:26:38 PM org.apache.solr.handler.component.SpellCheckComponent inform
INFO: Initializing spell checkers
Mar 14, 2010 11:26:38 PM org.apache.solr.handler.component.SpellCheckComponent inform
WARNING: No queryConverter defined, using default converter
Mar 14, 2010 11:26:38 PM org.apache.solr.handler.component.QueryElevationComponent inform
INFO: Loading QueryElevation from: C:\apps\tomcat-solr\solr\solr\conf\elevate.xml
Mar 14, 2010 11:26:38 PM org.apache.solr.handler.component.SearchHandler inform
INFO: Adding  component:org.apache.solr.handler.component.QueryComponent@20fa83
Mar 14, 2010 11:26:38 PM org.apache.solr.handler.component.SearchHandler inform
INFO: Adding  component:org.apache.solr.handler.component.FacetComponent@11eb199
Mar 14, 2010 11:26:38 PM org.apache.solr.handler.component.SearchHandler inform
INFO: Adding  component:org.apache.solr.handler.component.MoreLikeThisComponent@1de498
Mar 14, 2010 11:26:38 PM org.apache.solr.handler.component.SearchHandler inform
INFO: Adding  component:org.apache.solr.handler.component.HighlightComponent@8ae45a
Mar 14, 2010 11:26:38 PM org.apache.solr.handler.component.SearchHandler inform
INFO: Adding  component:org.apache.solr.handler.component.StatsComponent@95da38
Mar 14, 2010 11:26:38 PM org.apache.solr.handler.component.SearchHandler inform
INFO: Adding  debug component:org.apache.solr.handler.component.DebugComponent@29c204
Mar 14, 2010 11:26:38 PM org.apache.solr.handler.component.SearchHandler inform
INFO: Adding  component:org.apache.solr.handler.component.QueryComponent@20fa83
Mar 14, 2010 11:26:38 PM org.apache.solr.handler.component.SearchHandler inform
INFO: Adding  component:org.apache.solr.handler.component.FacetComponent@11eb199
Mar 14, 2010 11:26:38 PM org.apache.solr.handler.component.SearchHandler inform
INFO: Adding  component:org.apache.solr.handler.component.MoreLikeThisComponent@1de498
Mar 14, 2010 11:26:38 PM org.apache.solr.handler.component.SearchHandler inform
INFO: Adding  component:org.apache.solr.handler.component.HighlightComponent@8ae45a
Mar 14, 2010 11:26:38 PM org.apache.solr.handler.component.SearchHandler inform
INFO: Adding  component:org.apache.solr.handler.component.StatsComponent@95da38
Mar 14, 2010 11:26:38 PM org.apache.solr.handler.component.SearchHandler inform
INFO: Adding  debug component:org.apache.solr.handler.component.DebugComponent@29c204
Mar 14, 2010 11:26:38 PM org.apache.solr.handler.component.SearchHandler inform
INFO: Adding  component:org.apache.solr.handler.component.QueryComponent@20fa83
Mar 14, 2010 11:26:38 PM org.apache.solr.handler.component.SearchHandler inform
INFO: Adding  component:org.apache.solr.handler.component.FacetComponent@11eb199
Mar 14, 2010 11:26:38 PM org.apache.solr.handler.component.SearchHandler inform
INFO: Adding  component:org.apache.solr.handler.component.MoreLikeThisComponent@1de498
Mar 14, 2010 11:26:38 PM org.apache.solr.handler.component.SearchHandler inform
INFO: Adding  component:org.apache.solr.handler.component.HighlightComponent@8ae45a
Mar 14, 2010 11:26:38 PM org.apache.solr.handler.component.SearchHandler inform
INFO: Adding  component:org.apache.solr.handler.component.StatsComponent@95da38
Mar 14, 2010 11:26:38 PM org.apache.solr.handler.component.SearchHandler inform
INFO: Adding  debug component:org.apache.solr.handler.component.DebugComponent@29c204
Mar 14, 2010 11:26:38 PM org.apache.solr.handler.component.SearchHandler inform
INFO: Adding  component:org.apache.solr.handler.component.QueryComponent@20fa83
Mar 14, 2010 11:26:38 PM org.apache.solr.handler.component.SearchHandler inform
INFO: Adding  component:org.apache.solr.handler.component.FacetComponent@11eb199
Mar 14, 2010 11:26:38 PM org.apache.solr.handler.component.SearchHandler inform
INFO: Adding  component:org.apache.solr.handler.component.MoreLikeThisComponent@1de498
Mar 14, 2010 11:26:38 PM org.apache.solr.handler.component.SearchHandler inform
INFO: Adding  component:org.apache.solr.handler.component.HighlightComponent@8ae45a
Mar 14, 2010 11:26:39 PM org.apache.solr.handler.component.SearchHandler inform
INFO: Adding  component:org.apache.solr.handler.component.StatsComponent@95da38
Mar 14, 2010 11:26:39 PM org.apache.solr.handler.component.SearchHandler inform
INFO: Adding  component:org.apache.solr.handler.component.SpellCheckComponent@1a0d866
Mar 14, 2010 11:26:39 PM org.apache.solr.handler.component.SearchHandler inform
INFO: Adding  debug component:org.apache.solr.handler.component.DebugComponent@29c204
Mar 14, 2010 11:26:39 PM org.apache.solr.handler.component.SearchHandler inform
INFO: Adding  component:org.apache.solr.handler.component.QueryComponent@20fa83
Mar 14, 2010 11:26:39 PM org.apache.solr.handler.component.SearchHandler inform
INFO: Adding  component:org.apache.solr.handler.component.FacetComponent@11eb199
Mar 14, 2010 11:26:39 PM org.apache.solr.handler.component.SearchHandler inform
INFO: Adding  component:org.apache.solr.handler.component.MoreLikeThisComponent@1de498
Mar 14, 2010 11:26:39 PM org.apache.solr.handler.component.SearchHandler inform
INFO: Adding  component:org.apache.solr.handler.component.HighlightComponent@8ae45a
Mar 14, 2010 11:26:39 PM org.apache.solr.handler.component.SearchHandler inform
INFO: Adding  component:org.apache.solr.handler.component.StatsComponent@95da38
Mar 14, 2010 11:26:39 PM org.apache.solr.handler.component.SearchHandler inform
INFO: Adding  component:org.apache.solr.handler.component.TermVectorComponent@df48c4
Mar 14, 2010 11:26:39 PM org.apache.solr.handler.component.SearchHandler inform
INFO: Adding  debug component:org.apache.solr.handler.component.DebugComponent@29c204
Mar 14, 2010 11:26:39 PM org.apache.solr.handler.component.SearchHandler inform
INFO: Adding  component:org.apache.solr.handler.component.TermsComponent@1226a77
Mar 14, 2010 11:26:39 PM org.apache.solr.core.QuerySenderListener newSearcher
INFO: QuerySenderListener sending requests to Searcher@190a0d6 main
Mar 14, 2010 11:26:39 PM org.apache.solr.core.CoreContainer register
INFO: registering core: 
Mar 14, 2010 11:26:39 PM org.apache.solr.servlet.SolrDispatchFilter init
INFO: user.dir=C:\apps\tomcat-solr\solr
Mar 14, 2010 11:26:39 PM org.apache.solr.servlet.SolrDispatchFilter init
INFO: SolrDispatchFilter.init() done
Mar 14, 2010 11:26:39 PM org.apache.solr.servlet.SolrServlet init
INFO: SolrServlet.init()
Mar 14, 2010 11:26:39 PM org.apache.solr.core.SolrResourceLoader locateSolrHome
INFO: No /solr/home in JNDI
Mar 14, 2010 11:26:39 PM org.apache.solr.core.SolrResourceLoader locateSolrHome
INFO: solr home defaulted to 'solr/' (could not find system property or JNDI)
Mar 14, 2010 11:26:39 PM org.apache.solr.servlet.SolrServlet init
INFO: SolrServlet.init() done
Mar 14, 2010 11:26:39 PM org.apache.solr.core.SolrResourceLoader locateSolrHome
INFO: No /solr/home in JNDI
Mar 14, 2010 11:26:39 PM org.apache.solr.core.SolrResourceLoader locateSolrHome
INFO: solr home defaulted to 'solr/' (could not find system property or JNDI)
Mar 14, 2010 11:26:39 PM org.apache.solr.servlet.SolrUpdateServlet init
INFO: SolrUpdateServlet.init() done
Mar 14, 2010 11:26:39 PM org.apache.solr.core.SolrCore execute
INFO: [] webapp=null path=null params={start=0&event=firstSearcher&q=solr+rocks&rows=10} hits=0 status=0 QTime=156 
Mar 14, 2010 11:26:39 PM org.apache.solr.core.SolrCore execute
INFO: [] webapp=null path=null params={event=firstSearcher&q=static+firstSearcher+warming+query+from+solrconfig.xml} hits=0 status=0 QTime=16 
Mar 14, 2010 11:26:39 PM org.apache.solr.core.QuerySenderListener newSearcher
INFO: QuerySenderListener done.
Mar 14, 2010 11:26:39 PM org.apache.solr.handler.component.SpellCheckComponent$SpellCheckerListener newSearcher
INFO: Loading spell index for spellchecker: default
Mar 14, 2010 11:26:39 PM org.apache.solr.core.SolrCore registerSearcher
INFO: [] Registered new searcher Searcher@190a0d6 main
Mar 14, 2010 11:26:39 PM org.apache.coyote.http11.Http11BaseProtocol start
INFO: Starting Coyote HTTP/1.1 on http-8080
Mar 14, 2010 11:26:39 PM org.apache.jk.common.ChannelSocket init
INFO: JK: ajp13 listening on /0.0.0.0:8009
Mar 14, 2010 11:26:39 PM org.apache.jk.server.JkMain start
INFO: Jk running ID=0 time=0/32  config=null
Mar 14, 2010 11:26:39 PM org.apache.catalina.storeconfig.StoreLoader load
INFO: Find registry server-registry.xml at classpath resource
Mar 14, 2010 11:26:39 PM org.apache.catalina.startup.Catalina start
INFO: Server startup in 3765 ms
Mar 14, 2010 11:26:49 PM org.apache.catalina.startup.HostConfig deployDescriptor
SEVERE: Error deploying configuration descriptor solrconfig.xml
Mar 14, 2010 11:26:59 PM org.apache.catalina.startup.HostConfig deployDescriptor
SEVERE: Error deploying configuration descriptor solrconfig.xml
Mar 14, 2010 11:27:09 PM org.apache.catalina.startup.HostConfig deployDescriptor
SEVERE: Error deploying configuration descriptor solrconfig.xml
Mar 14, 2010 11:27:19 PM org.apache.catalina.startup.HostConfig deployDescriptor
SEVERE: Error deploying configuration descriptor solrconfig.xml
Mar 14, 2010 11:27:29 PM org.apache.catalina.startup.HostConfig deployDescriptor
SEVERE: Error deploying configuration descriptor solrconfig.xml
Mar 14, 2010 11:27:35 PM org.apache.solr.core.SolrCore execute
INFO: [] webapp=/apache-solr-1.4.0 path=/select/ params={indent=on&start=0&q=solr&rows=10&version=2.2} hits=0 status=0 QTime=15 
Mar 14, 2010 11:27:35 PM org.apache.solr.core.SolrCore execute
INFO: [] webapp=/apache-solr-1.4.0 path=/select/ params={indent=on&start=0&q=solr&rows=10&version=2.2} hits=0 status=0 QTime=0 
Mar 14, 2010 11:27:39 PM org.apache.catalina.startup.HostConfig deployDescriptor
SEVERE: Error deploying configuration descriptor solrconfig.xml
Mar 14, 2010 11:27:49 PM org.apache.catalina.startup.HostConfig deployDescriptor
SEVERE: Error deploying configuration descriptor solrconfig.xml
Mar 14, 2010 11:27:59 PM org.apache.catalina.startup.HostConfig deployDescriptor
SEVERE: Error deploying configuration descriptor solrconfig.xml
Mar 14, 2010 11:28:09 PM org.apache.catalina.startup.HostConfig deployDescriptor
SEVERE: Error deploying configuration descriptor solrconfig.xml
Mar 14, 2010 11:28:19 PM org.apache.catalina.startup.HostConfig deployDescriptor
SEVERE: Error deploying configuration descriptor solrconfig.xml
Mar 14, 2010 11:28:29 PM org.apache.catalina.startup.HostConfig deployDescriptor
SEVERE: Error deploying configuration descriptor solrconfig.xml
Mar 14, 2010 11:28:39 PM org.apache.catalina.startup.HostConfig deployDescriptor
SEVERE: Error deploying configuration descriptor solrconfig.xml
Mar 14, 2010 11:28:49 PM org.apache.catalina.startup.HostConfig deployDescriptor
SEVERE: Error deploying configuration descriptor solrconfig.xml
Mar 14, 2010 11:28:59 PM org.apache.catalina.startup.HostConfig deployDescriptor
SEVERE: Error deploying configuration descriptor solrconfig.xml
Mar 14, 2010 11:29:09 PM org.apache.catalina.startup.HostConfig deployDescriptor
SEVERE: Error deploying configuration descriptor solrconfig.xml
Mar 14, 2010 11:29:19 PM org.apache.catalina.startup.HostConfig deployDescriptor
SEVERE: Error deploying configuration descriptor solrconfig.xml
Mar 14, 2010 11:29:30 PM org.apache.catalina.startup.HostConfig deployDescriptor
SEVERE: Error deploying configuration descriptor solrconfig.xml
Mar 14, 2010 11:29:40 PM org.apache.catalina.startup.HostConfig deployDescriptor
SEVERE: Error deploying configuration descriptor solrconfig.xml
Mar 14, 2010 11:29:50 PM org.apache.catalina.startup.HostConfig deployDescriptor
SEVERE: Error deploying configuration descriptor solrconfig.xml
Mar 14, 2010 11:30:00 PM org.apache.catalina.startup.HostConfig deployDescriptor
SEVERE: Error deploying configuration descriptor solrconfig.xml
Mar 14, 2010 11:30:10 PM org.apache.catalina.startup.HostConfig deployDescriptor
SEVERE: Error deploying configuration descriptor solrconfig.xml
Mar 14, 2010 11:30:20 PM org.apache.catalina.startup.HostConfig deployDescriptor
SEVERE: Error deploying configuration descriptor solrconfig.xml
Mar 14, 2010 11:30:30 PM org.apache.catalina.startup.HostConfig deployDescriptor
SEVERE: Error deploying configuration descriptor solrconfig.xml
Mar 14, 2010 11:30:40 PM org.apache.catalina.startup.HostConfig deployDescriptor
SEVERE: Error deploying configuration descriptor solrconfig.xml
Mar 14, 2010 11:30:50 PM org.apache.catalina.startup.HostConfig deployDescriptor
SEVERE: Error deploying configuration descriptor solrconfig.xml
Mar 14, 2010 11:31:00 PM org.apache.catalina.startup.HostConfig deployDescriptor
SEVERE: Error deploying configuration descriptor solrconfig.xml
Mar 14, 2010 11:31:10 PM org.apache.catalina.startup.HostConfig deployDescriptor
SEVERE: Error deploying configuration descriptor solrconfig.xml
Mar 14, 2010 11:31:20 PM org.apache.catalina.startup.HostConfig deployDescriptor
SEVERE: Error deploying configuration descriptor solrconfig.xml
Mar 14, 2010 11:31:30 PM org.apache.catalina.startup.HostConfig deployDescriptor
SEVERE: Error deploying configuration descriptor solrconfig.xml
Mar 14, 2010 11:31:40 PM org.apache.catalina.startup.HostConfig deployDescriptor
SEVERE: Error deploying configuration descriptor solrconfig.xml
Mar 14, 2010 11:31:50 PM org.apache.catalina.startup.HostConfig deployDescriptor
SEVERE: Error deploying configuration descriptor solrconfig.xml
Mar 14, 2010 11:32:00 PM org.apache.catalina.startup.HostConfig deployDescriptor
SEVERE: Error deploying configuration descriptor solrconfig.xml
Mar 14, 2010 11:32:10 PM org.apache.catalina.startup.HostConfig deployDescriptor
SEVERE: Error deploying configuration descriptor solrconfig.xml
Mar 14, 2010 11:32:20 PM org.apache.catalina.startup.HostConfig deployDescriptor
SEVERE: Error deploying configuration descriptor solrconfig.xml
Mar 14, 2010 11:32:30 PM org.apache.catalina.startup.HostConfig deployDescriptor
SEVERE: Error deploying configuration descriptor solrconfig.xml
Mar 14, 2010 11:32:40 PM org.apache.catalina.startup.HostConfig deployDescriptor
SEVERE: Error deploying configuration descriptor solrconfig.xml
Mar 14, 2010 11:32:50 PM org.apache.catalina.startup.HostConfig deployDescriptor
SEVERE: Error deploying configuration descriptor solrconfig.xml
Mar 14, 2010 11:33:00 PM org.apache.catalina.startup.HostConfig deployDescriptor
SEVERE: Error deploying configuration descriptor solrconfig.xml
Mar 14, 2010 11:33:10 PM org.apache.catalina.startup.HostConfig deployDescriptor
SEVERE: Error deploying configuration descriptor solrconfig.xml
Mar 14, 2010 11:33:20 PM org.apache.catalina.startup.HostConfig deployDescriptor
SEVERE: Error deploying configuration descriptor solrconfig.xml
Mar 14, 2010 11:33:30 PM org.apache.catalina.startup.HostConfig deployDescriptor
SEVERE: Error deploying configuration descriptor solrconfig.xml
Mar 14, 2010 11:33:40 PM org.apache.catalina.startup.HostConfig deployDescriptor
SEVERE: Error deploying configuration descriptor solrconfig.xml
Mar 14, 2010 11:33:50 PM org.apache.catalina.startup.HostConfig deployDescriptor
SEVERE: Error deploying configuration descriptor solrconfig.xml
Mar 14, 2010 11:34:00 PM org.apache.catalina.startup.HostConfig deployDescriptor
SEVERE: Error deploying configuration descriptor solrconfig.xml
Mar 14, 2010 11:34:10 PM org.apache.catalina.startup.HostConfig deployDescriptor
SEVERE: Error deploying configuration descriptor solrconfig.xml
Mar 14, 2010 11:34:17 PM org.apache.solr.core.SolrCore execute
INFO: [] webapp=/apache-solr-1.4.0 path=/select/ params={indent=on&start=0&q=weather&rows=10&version=2.2} hits=0 status=0 QTime=0 
Mar 14, 2010 11:34:20 PM org.apache.catalina.startup.HostConfig deployDescriptor
SEVERE: Error deploying configuration descriptor solrconfig.xml
Mar 14, 2010 11:34:30 PM org.apache.catalina.startup.HostConfig deployDescriptor
SEVERE: Error deploying configuration descriptor solrconfig.xml
Mar 14, 2010 11:34:40 PM org.apache.catalina.startup.HostConfig deployDescriptor
SEVERE: Error deploying configuration descriptor solrconfig.xml
Mar 14, 2010 11:34:49 PM org.apache.solr.core.SolrCore execute
INFO: [] webapp=/apache-solr-1.4.0 path=/admin/file/ params={file=solrconfig.xml} status=0 QTime=0 
Mar 14, 2010 11:34:50 PM org.apache.catalina.startup.HostConfig deployDescriptor
SEVERE: Error deploying configuration descriptor solrconfig.xml
Mar 14, 2010 11:35:00 PM org.apache.catalina.startup.HostConfig deployDescriptor
SEVERE: Error deploying configuration descriptor solrconfig.xml
Mar 14, 2010 11:35:10 PM org.apache.catalina.startup.HostConfig deployDescriptor
SEVERE: Error deploying configuration descriptor solrconfig.xml
Mar 14, 2010 11:35:20 PM org.apache.catalina.startup.HostConfig deployDescriptor
SEVERE: Error deploying configuration descriptor solrconfig.xml
Mar 14, 2010 11:35:30 PM org.apache.catalina.startup.HostConfig deployDescriptor
SEVERE: Error deploying configuration descriptor solrconfig.xml
Mar 14, 2010 11:35:40 PM org.apache.catalina.startup.HostConfig deployDescriptor
SEVERE: Error deploying configuration descriptor solrconfig.xml
Mar 14, 2010 11:35:50 PM org.apache.catalina.startup.HostConfig deployDescriptor
SEVERE: Error deploying configuration descriptor solrconfig.xml
Mar 14, 2010 11:36:00 PM org.apache.catalina.startup.HostConfig deployDescriptor
SEVERE: Error deploying configuration descriptor solrconfig.xml
Mar 14, 2010 11:36:10 PM org.apache.catalina.startup.HostConfig deployDescriptor
SEVERE: Error deploying configuration descriptor solrconfig.xml
Mar 14, 2010 11:36:20 PM org.apache.catalina.startup.HostConfig deployDescriptor
SEVERE: Error deploying configuration descriptor solrconfig.xml
Mar 14, 2010 11:36:30 PM org.apache.catalina.startup.HostConfig deployDescriptor
SEVERE: Error deploying configuration descriptor solrconfig.xml
Mar 14, 2010 11:36:40 PM org.apache.catalina.startup.HostConfig deployDescriptor
SEVERE: Error deploying configuration descriptor solrconfig.xml
Mar 14, 2010 11:36:50 PM org.apache.catalina.startup.HostConfig deployDescriptor
SEVERE: Error deploying configuration descriptor solrconfig.xml
Mar 14, 2010 11:37:00 PM org.apache.catalina.startup.HostConfig deployDescriptor
SEVERE: Error deploying configuration descriptor solrconfig.xml
Mar 14, 2010 11:37:10 PM org.apache.catalina.startup.HostConfig deployDescriptor
SEVERE: Error deploying configuration descriptor solrconfig.xml
Mar 14, 2010 11:37:20 PM org.apache.catalina.startup.HostConfig deployDescriptor
SEVERE: Error deploying configuration descriptor solrconfig.xml
Mar 14, 2010 11:37:30 PM org.apache.catalina.startup.HostConfig deployDescriptor
SEVERE: Error deploying configuration descriptor solrconfig.xml
Mar 14, 2010 11:37:40 PM org.apache.catalina.startup.HostConfig deployDescriptor
SEVERE: Error deploying configuration descriptor solrconfig.xml
Mar 14, 2010 11:37:50 PM org.apache.catalina.startup.HostConfig deployDescriptor
SEVERE: Error deploying configuration descriptor solrconfig.xml
Mar 14, 2010 11:38:00 PM org.apache.catalina.startup.HostConfig deployDescriptor
SEVERE: Error deploying configuration descriptor solrconfig.xml
Mar 14, 2010 11:38:10 PM org.apache.catalina.startup.HostConfig deployDescriptor
SEVERE: Error deploying configuration descriptor solrconfig.xml
Mar 14, 2010 11:38:20 PM org.apache.catalina.startup.HostConfig deployDescriptor
SEVERE: Error deploying configuration descriptor solrconfig.xml
Mar 14, 2010 11:38:30 PM org.apache.catalina.startup.HostConfig deployDescriptor
SEVERE: Error deploying configuration descriptor solrconfig.xml
Mar 14, 2010 11:38:40 PM org.apache.catalina.startup.HostConfig deployDescriptor
SEVERE: Error deploying configuration descriptor solrconfig.xml
Mar 14, 2010 11:38:50 PM org.apache.catalina.startup.HostConfig deployDescriptor
SEVERE: Error deploying configuration descriptor solrconfig.xml
Mar 14, 2010 11:39:00 PM org.apache.catalina.startup.HostConfig deployDescriptor
SEVERE: Error deploying configuration descriptor solrconfig.xml
Mar 14, 2010 11:39:10 PM org.apache.catalina.startup.HostConfig deployDescriptor
SEVERE: Error deploying configuration descriptor solrconfig.xml
Mar 14, 2010 11:39:20 PM org.apache.catalina.startup.HostConfig deployDescriptor
SEVERE: Error deploying configuration descriptor solrconfig.xml
Mar 14, 2010 11:39:30 PM org.apache.catalina.startup.HostConfig deployDescriptor
SEVERE: Error deploying configuration descriptor solrconfig.xml
Mar 14, 2010 11:39:40 PM org.apache.catalina.startup.HostConfig deployDescriptor
SEVERE: Error deploying configuration descriptor solrconfig.xml
Mar 14, 2010 11:39:50 PM org.apache.catalina.startup.HostConfig deployDescriptor
SEVERE: Error deploying configuration descriptor solrconfig.xml
Mar 14, 2010 11:40:00 PM org.apache.catalina.startup.HostConfig deployDescriptor
SEVERE: Error deploying configuration descriptor solrconfig.xml
Mar 14, 2010 11:40:10 PM org.apache.catalina.startup.HostConfig deployDescriptor
SEVERE: Error deploying configuration descriptor solrconfig.xml
Mar 14, 2010 11:40:20 PM org.apache.catalina.startup.HostConfig deployDescriptor
SEVERE: Error deploying configuration descriptor solrconfig.xml
Mar 14, 2010 11:40:30 PM org.apache.catalina.startup.HostConfig deployDescriptor
SEVERE: Error deploying configuration descriptor solrconfig.xml
Mar 14, 2010 11:40:40 PM org.apache.catalina.startup.HostConfig deployDescriptor
SEVERE: Error deploying configuration descriptor solrconfig.xml
Mar 14, 2010 11:40:50 PM org.apache.catalina.startup.HostConfig deployDescriptor
SEVERE: Error deploying configuration descriptor solrconfig.xml
Mar 14, 2010 11:41:00 PM org.apache.catalina.startup.HostConfig deployDescriptor
SEVERE: Error deploying configuration descriptor solrconfig.xml
Mar 14, 2010 11:41:10 PM org.apache.catalina.startup.HostConfig deployDescriptor
SEVERE: Error deploying configuration descriptor solrconfig.xml
Mar 14, 2010 11:41:20 PM org.apache.catalina.startup.HostConfig deployDescriptor
SEVERE: Error deploying configuration descriptor solrconfig.xml
Mar 14, 2010 11:41:30 PM org.apache.catalina.startup.HostConfig deployDescriptor
SEVERE: Error deploying configuration descriptor solrconfig.xml
Mar 14, 2010 11:41:40 PM org.apache.catalina.startup.HostConfig deployDescriptor
SEVERE: Error deploying configuration descriptor solrconfig.xml
Mar 14, 2010 11:41:50 PM org.apache.catalina.startup.HostConfig deployDescriptor
SEVERE: Error deploying configuration descriptor solrconfig.xml
Mar 14, 2010 11:42:00 PM org.apache.catalina.startup.HostConfig deployDescriptor
SEVERE: Error deploying configuration descriptor solrconfig.xml
Mar 14, 2010 11:42:10 PM org.apache.catalina.startup.HostConfig deployDescriptor
SEVERE: Error deploying configuration descriptor solrconfig.xml
Mar 14, 2010 11:42:20 PM org.apache.catalina.startup.HostConfig deployDescriptor
SEVERE: Error deploying configuration descriptor solrconfig.xml
Mar 14, 2010 11:42:30 PM org.apache.catalina.startup.HostConfig deployDescriptor
SEVERE: Error deploying configuration descriptor solrconfig.xml
Mar 14, 2010 11:42:40 PM org.apache.catalina.startup.HostConfig deployDescriptor
SEVERE: Error deploying configuration descriptor solrconfig.xml
Mar 14, 2010 11:42:50 PM org.apache.catalina.startup.HostConfig deployDescriptor
SEVERE: Error deploying configuration descriptor solrconfig.xml
Mar 14, 2010 11:43:00 PM org.apache.catalina.startup.HostConfig deployDescriptor
SEVERE: Error deploying configuration descriptor solrconfig.xml
Mar 14, 2010 11:43:10 PM org.apache.catalina.startup.HostConfig deployDescriptor
SEVERE: Error deploying configuration descriptor solrconfig.xml
Mar 14, 2010 11:43:20 PM org.apache.catalina.startup.HostConfig deployDescriptor
SEVERE: Error deploying configuration descriptor solrconfig.xml
Mar 14, 2010 11:43:30 PM org.apache.catalina.startup.HostConfig deployDescriptor
SEVERE: Error deploying configuration descriptor solrconfig.xml
Mar 14, 2010 11:43:40 PM org.apache.catalina.startup.HostConfig deployDescriptor
SEVERE: Error deploying configuration descriptor solrconfig.xml
Mar 14, 2010 11:43:50 PM org.apache.catalina.startup.HostConfig deployDescriptor
SEVERE: Error deploying configuration descriptor solrconfig.xml
Mar 14, 2010 11:44:00 PM org.apache.catalina.startup.HostConfig deployDescriptor
SEVERE: Error deploying configuration descriptor solrconfig.xml
Mar 14, 2010 11:44:10 PM org.apache.catalina.startup.HostConfig deployDescriptor
SEVERE: Error deploying configuration descriptor solr.xml
Mar 14, 2010 11:44:10 PM org.apache.catalina.startup.HostConfig deployDescriptor
SEVERE: Error deploying configuration descriptor solrconfig.xml
Mar 14, 2010 11:44:20 PM org.apache.catalina.startup.HostConfig deployDescriptor
SEVERE: Error deploying configuration descriptor solr.xml
Mar 14, 2010 11:44:20 PM org.apache.catalina.startup.HostConfig deployDescriptor
SEVERE: Error deploying configuration descriptor solrconfig.xml
Mar 14, 2010 11:44:30 PM org.apache.catalina.startup.HostConfig deployDescriptor
SEVERE: Error deploying configuration descriptor solr.xml
Mar 14, 2010 11:44:30 PM org.apache.catalina.startup.HostConfig deployDescriptor
SEVERE: Error deploying configuration descriptor solrconfig.xml
Mar 14, 2010 11:44:40 PM org.apache.catalina.startup.HostConfig deployDescriptor
SEVERE: Error deploying configuration descriptor solr.xml
Mar 14, 2010 11:44:40 PM org.apache.catalina.startup.HostConfig deployDescriptor
SEVERE: Error deploying configuration descriptor solrconfig.xml
Mar 14, 2010 11:44:50 PM org.apache.catalina.startup.HostConfig deployDescriptor
SEVERE: Error deploying configuration descriptor solr.xml
Mar 14, 2010 11:44:50 PM org.apache.catalina.startup.HostConfig deployDescriptor
SEVERE: Error deploying configuration descriptor solrconfig.xml
Mar 14, 2010 11:45:00 PM org.apache.catalina.startup.HostConfig deployDescriptor
SEVERE: Error deploying configuration descriptor solr.xml
Mar 14, 2010 11:45:00 PM org.apache.catalina.startup.HostConfig deployDescriptor
SEVERE: Error deploying configuration descriptor solrconfig.xml
Mar 14, 2010 11:45:10 PM org.apache.catalina.startup.HostConfig deployDescriptor
SEVERE: Error deploying configuration descriptor solr.xml
Mar 14, 2010 11:45:10 PM org.apache.catalina.startup.HostConfig deployDescriptor
SEVERE: Error deploying configuration descriptor solrconfig.xml
Mar 14, 2010 11:45:20 PM org.apache.catalina.startup.HostConfig deployDescriptor
SEVERE: Error deploying configuration descriptor solr.xml
Mar 14, 2010 11:45:20 PM org.apache.catalina.startup.HostConfig deployDescriptor
SEVERE: Error deploying configuration descriptor solrconfig.xml
Mar 14, 2010 11:45:30 PM org.apache.catalina.startup.HostConfig deployDescriptor
SEVERE: Error deploying configuration descriptor solr.xml
Mar 14, 2010 11:45:30 PM org.apache.catalina.startup.HostConfig deployDescriptor
SEVERE: Error deploying configuration descriptor solrconfig.xml
Mar 14, 2010 11:45:40 PM org.apache.catalina.startup.HostConfig deployDescriptor
SEVERE: Error deploying configuration descriptor solr.xml
Mar 14, 2010 11:45:40 PM org.apache.catalina.startup.HostConfig deployDescriptor
SEVERE: Error deploying configuration descriptor solrconfig.xml
Mar 14, 2010 11:45:50 PM org.apache.catalina.startup.HostConfig deployDescriptor
SEVERE: Error deploying configuration descriptor solr.xml
Mar 14, 2010 11:45:50 PM org.apache.catalina.startup.HostConfig deployDescriptor
SEVERE: Error deploying configuration descriptor solrconfig.xml
Mar 14, 2010 11:46:00 PM org.apache.catalina.startup.HostConfig deployDescriptor
SEVERE: Error deploying configuration descriptor solr.xml
Mar 14, 2010 11:46:00 PM org.apache.catalina.startup.HostConfig deployDescriptor
SEVERE: Error deploying configuration descriptor solrconfig.xml
Mar 14, 2010 11:46:10 PM org.apache.catalina.startup.HostConfig deployDescriptor
SEVERE: Error deploying configuration descriptor solr.xml
Mar 14, 2010 11:46:10 PM org.apache.catalina.startup.HostConfig deployDescriptor
SEVERE: Error deploying configuration descriptor solrconfig.xml
Mar 14, 2010 11:46:20 PM org.apache.catalina.startup.HostConfig deployDescriptor
SEVERE: Error deploying configuration descriptor solr.xml
Mar 14, 2010 11:46:20 PM org.apache.catalina.startup.HostConfig deployDescriptor
SEVERE: Error deploying configuration descriptor solrconfig.xml
Mar 14, 2010 11:46:31 PM org.apache.catalina.startup.HostConfig deployDescriptor
SEVERE: Error deploying configuration descriptor solr.xml
Mar 14, 2010 11:46:31 PM org.apache.catalina.startup.HostConfig deployDescriptor
SEVERE: Error deploying configuration descriptor solrconfig.xml
Mar 14, 2010 11:46:41 PM org.apache.catalina.startup.HostConfig deployDescriptor
SEVERE: Error deploying configuration descriptor solr.xml
Mar 14, 2010 11:46:41 PM org.apache.catalina.startup.HostConfig deployDescriptor
SEVERE: Error deploying configuration descriptor solrconfig.xml
Mar 14, 2010 11:46:51 PM org.apache.catalina.startup.HostConfig deployDescriptor
SEVERE: Error deploying configuration descriptor solr.xml
Mar 14, 2010 11:46:51 PM org.apache.catalina.startup.HostConfig deployDescriptor
SEVERE: Error deploying configuration descriptor solrconfig.xml
Mar 14, 2010 11:47:01 PM org.apache.catalina.startup.HostConfig deployDescriptor
SEVERE: Error deploying configuration descriptor solr.xml
Mar 14, 2010 11:47:01 PM org.apache.catalina.startup.HostConfig deployDescriptor
SEVERE: Error deploying configuration descriptor solrconfig.xml
Mar 14, 2010 11:47:11 PM org.apache.catalina.startup.HostConfig deployDescriptor
SEVERE: Error deploying configuration descriptor solr.xml
Mar 14, 2010 11:47:11 PM org.apache.catalina.startup.HostConfig deployDescriptor
SEVERE: Error deploying configuration descriptor solrconfig.xml
Mar 14, 2010 11:47:21 PM org.apache.catalina.startup.HostConfig deployDescriptor
SEVERE: Error deploying configuration descriptor solr.xml
Mar 14, 2010 11:47:21 PM org.apache.catalina.startup.HostConfig deployDescriptor
SEVERE: Error deploying configuration descriptor solrconfig.xml
Mar 14, 2010 11:47:31 PM org.apache.catalina.startup.HostConfig deployDescriptor
SEVERE: Error deploying configuration descriptor solr.xml
Mar 14, 2010 11:47:31 PM org.apache.catalina.startup.HostConfig deployDescriptor
SEVERE: Error deploying configuration descriptor solrconfig.xml
Mar 14, 2010 11:47:41 PM org.apache.catalina.startup.HostConfig deployDescriptor
SEVERE: Error deploying configuration descriptor solr.xml
Mar 14, 2010 11:47:41 PM org.apache.catalina.startup.HostConfig deployDescriptor
SEVERE: Error deploying configuration descriptor solrconfig.xml
Mar 14, 2010 11:47:43 PM org.apache.coyote.http11.Http11BaseProtocol pause
INFO: Pausing Coyote HTTP/1.1 on http-8080
Mar 14, 2010 11:47:44 PM org.apache.catalina.core.StandardService stop
INFO: Stopping service Catalina
Mar 14, 2010 11:47:44 PM org.apache.solr.core.SolrCore close
INFO: []  CLOSING SolrCore org.apache.solr.core.SolrCore@56fc16
Mar 14, 2010 11:47:44 PM org.apache.solr.core.SolrCore closeSearcher
INFO: [] Closing main searcher on request.
Mar 14, 2010 11:47:44 PM org.apache.solr.search.SolrIndexSearcher close
INFO: Closing Searcher@190a0d6 main
	fieldValueCache{lookups=0,hits=0,hitratio=0.00,inserts=0,evictions=0,size=0,warmupTime=0,cumulative_lookups=0,cumulative_hits=0,cumulative_hitratio=0.00,cumulative_inserts=0,cumulative_evictions=0}
	filterCache{lookups=0,hits=0,hitratio=0.00,inserts=0,evictions=0,size=0,warmupTime=0,cumulative_lookups=0,cumulative_hits=0,cumulative_hitratio=0.00,cumulative_inserts=0,cumulative_evictions=0}
	queryResultCache{lookups=3,hits=1,hitratio=0.33,inserts=4,evictions=0,size=4,warmupTime=0,cumulative_lookups=3,cumulative_hits=1,cumulative_hitratio=0.33,cumulative_inserts=2,cumulative_evictions=0}
	documentCache{lookups=0,hits=0,hitratio=0.00,inserts=0,evictions=0,size=0,warmupTime=0,cumulative_lookups=0,cumulative_hits=0,cumulative_hitratio=0.00,cumulative_inserts=0,cumulative_evictions=0}
Mar 14, 2010 11:47:44 PM org.apache.solr.update.DirectUpdateHandler2 close
INFO: closing DirectUpdateHandler2{commits=0,autocommits=0,optimizes=0,rollbacks=0,expungeDeletes=0,docsPending=0,adds=0,deletesById=0,deletesByQuery=0,errors=0,cumulative_adds=0,cumulative_deletesById=0,cumulative_deletesByQuery=0,cumulative_errors=0}
Mar 14, 2010 11:47:44 PM org.apache.solr.update.DirectUpdateHandler2 close
INFO: closed DirectUpdateHandler2{commits=0,autocommits=0,optimizes=0,rollbacks=0,expungeDeletes=0,docsPending=0,adds=0,deletesById=0,deletesByQuery=0,errors=0,cumulative_adds=0,cumulative_deletesById=0,cumulative_deletesByQuery=0,cumulative_errors=0}
Mar 14, 2010 11:47:44 PM org.apache.coyote.http11.Http11BaseProtocol destroy
INFO: Stopping Coyote HTTP/1.1 on http-8080
Mar 14, 2010 11:47:44 PM org.apache.catalina.core.AprLifecycleListener lifecycleEvent
INFO: Failed shutdown of Apache Portable Runtime
